This file contains any messages produced by compilers while
running configure, to aid debugging if configure makes a mistake.

It was created by camlimages configure 3.2.0, which was
generated by GNU Autoconf 2.61.  Invocation command line was

  $ ./configure --prefix /home/jun/.share/prefix

## --------- ##
## Platform. ##
## --------- ##

hostname = vmware
uname -m = i686
uname -r = 2.6.26-1-686
uname -s = Linux
uname -v = #1 SMP Fri Mar 13 18:08:45 UTC 2009

/usr/bin/uname -p = unknown
/bin/uname -X     = unknown

/bin/arch              = unknown
/usr/bin/arch -k       = unknown
/usr/convex/getsysinfo = unknown
/usr/bin/hostinfo      = unknown
/bin/machine           = unknown
/usr/bin/oslevel       = unknown
/bin/universe          = unknown

PATH: /home/jun/.share/prefix/bin
PATH: /home/jun/.share/scripts
PATH: /home/jun/bin
PATH: /home/jun/.share/prefix/bin
PATH: /home/jun/.share/scripts
PATH: /usr/local/bin
PATH: /usr/bin
PATH: /bin
PATH: /usr/games
PATH: /home/jun/bin
PATH: /home/jun/bin


## ----------- ##
## Core tests. ##
## ----------- ##

configure:1861: checking for a BSD-compatible install
configure:1917: result: /usr/bin/install -c
configure:1928: checking whether build environment is sane
configure:1971: result: yes
configure:2036: checking for gawk
configure:2052: found /usr/bin/gawk
configure:2063: result: gawk
configure:2074: checking whether make sets $(MAKE)
configure:2095: result: yes
configure:2303: checking for ocamlc
configure:2321: found /home/jun/.share/prefix/bin/ocamlc
configure:2333: result: /home/jun/.share/prefix/bin/ocamlc
configure:2349: checking for OCaml version
configure:2357: result: 3.11.2+ocamlspotter
configure:2364: checking whether OCaml version >= 3.08
configure:2406: result: yes
configure:2417: checking for OCaml library path
configure:2425: result: /home/jun/.share/prefix/lib/ocaml
configure:2434: checking for ocamlc.opt
configure:2452: found /home/jun/.share/prefix/bin/ocamlc.opt
configure:2464: result: /home/jun/.share/prefix/bin/ocamlc.opt
configure:2480: checking wether ocamlc.opt version = 3.11.2+ocamlspotter
configure:2495: result: yes
configure:2517: checking for ocamlopt
configure:2535: found /home/jun/.share/prefix/bin/ocamlopt
configure:2547: result: /home/jun/.share/prefix/bin/ocamlopt
configure:2563: checking wether ocamlopt version = 3.11.2+ocamlspotter
configure:2578: result: yes
configure:2592: checking if OCaml C compiler works
configure:2608: result: yes
configure:2623: checking for ocamlopt.opt
configure:2641: found /home/jun/.share/prefix/bin/ocamlopt.opt
configure:2653: result: /home/jun/.share/prefix/bin/ocamlopt.opt
configure:2669: checking wether ocamlopt.opt version = 3.11.2+ocamlspotter
configure:2684: result: yes
configure:2706: checking for ocamldep
configure:2724: found /home/jun/.share/prefix/bin/ocamldep
configure:2736: result: /home/jun/.share/prefix/bin/ocamldep
configure:2755: checking for ocamldep.opt
configure:2773: found /home/jun/.share/prefix/bin/ocamldep.opt
configure:2785: result: /home/jun/.share/prefix/bin/ocamldep.opt
configure:2813: checking for ocamlmklib
configure:2831: found /home/jun/.share/prefix/bin/ocamlmklib
configure:2843: result: /home/jun/.share/prefix/bin/ocamlmklib
configure:2862: checking for ocamlmklib.opt
configure:2895: result: no
configure:2922: checking wether to build native library
configure:2926: result: yes
configure:2959: checking wether to build bytecode library
configure:2963: result: yes
configure:3037: checking for gcc
configure:3053: found /usr/bin/gcc
configure:3064: result: gcc
configure:3302: checking for C compiler version
configure:3309: gcc --version >&5
gcc (Debian 4.3.2-1.1) 4.3.2
Copyright (C) 2008 Free Software Foundation, Inc.
This is free software; see the source for copying conditions.  There is NO
warranty; not even for MERCHANTABILITY or FITNESS FOR A PARTICULAR PURPOSE.

configure:3312: $? = 0
configure:3319: gcc -v >&5
Using built-in specs.
Target: i486-linux-gnu
Configured with: ../src/configure -v --with-pkgversion='Debian 4.3.2-1.1' --with-bugurl=file:///usr/share/doc/gcc-4.3/README.Bugs --enable-languages=c,c++,fortran,objc,obj-c++ --prefix=/usr --enable-shared --with-system-zlib --libexecdir=/usr/lib --without-included-gettext --enable-threads=posix --enable-nls --with-gxx-include-dir=/usr/include/c++/4.3 --program-suffix=-4.3 --enable-clocale=gnu --enable-libstdcxx-debug --enable-objc-gc --enable-mpfr --enable-targets=all --enable-cld --enable-checking=release --build=i486-linux-gnu --host=i486-linux-gnu --target=i486-linux-gnu
Thread model: posix
gcc version 4.3.2 (Debian 4.3.2-1.1) 
configure:3322: $? = 0
configure:3329: gcc -V >&5
gcc: '-V' option must have argument
configure:3332: $? = 1
configure:3355: checking for C compiler default output file name
configure:3382: gcc    conftest.c  >&5
configure:3385: $? = 0
configure:3423: result: a.out
configure:3440: checking whether the C compiler works
configure:3450: ./a.out
configure:3453: $? = 0
configure:3470: result: yes
configure:3477: checking whether we are cross compiling
configure:3479: result: no
configure:3482: checking for suffix of executables
configure:3489: gcc -o conftest    conftest.c  >&5
configure:3492: $? = 0
configure:3516: result: 
configure:3522: checking for suffix of object files
configure:3548: gcc -c   conftest.c >&5
configure:3551: $? = 0
configure:3574: result: o
configure:3578: checking whether we are using the GNU C compiler
configure:3607: gcc -c   conftest.c >&5
configure:3613: $? = 0
configure:3630: result: yes
configure:3635: checking whether gcc accepts -g
configure:3665: gcc -c -g  conftest.c >&5
configure:3671: $? = 0
configure:3770: result: yes
configure:3787: checking for gcc option to accept ISO C89
configure:3861: gcc  -c -g -O2  conftest.c >&5
configure:3867: $? = 0
configure:3890: result: none needed
configure:3919: checking for style of include used by make
configure:3947: result: GNU
configure:3975: checking dependency style of gcc
configure:4065: result: none
configure:4090: checking how to run the C preprocessor
configure:4130: gcc -E  conftest.c
configure:4136: $? = 0
configure:4167: gcc -E  conftest.c
conftest.c:10:28: error: ac_nonexistent.h: No such file or directory
configure:4173: $? = 1
configure: failed program was:
| /* confdefs.h.  */
| #define PACKAGE_NAME "camlimages"
| #define PACKAGE_TARNAME "camlimages"
| #define PACKAGE_VERSION "3.2.0"
| #define PACKAGE_STRING "camlimages 3.2.0"
| #define PACKAGE_BUGREPORT "Pierre.Weis@inria.fr"
| #define PACKAGE "camlimages"
| #define VERSION "3.2.0"
| /* end confdefs.h.  */
| #include <ac_nonexistent.h>
configure:4206: result: gcc -E
configure:4235: gcc -E  conftest.c
configure:4241: $? = 0
configure:4272: gcc -E  conftest.c
conftest.c:10:28: error: ac_nonexistent.h: No such file or directory
configure:4278: $? = 1
configure: failed program was:
| /* confdefs.h.  */
| #define PACKAGE_NAME "camlimages"
| #define PACKAGE_TARNAME "camlimages"
| #define PACKAGE_VERSION "3.2.0"
| #define PACKAGE_STRING "camlimages 3.2.0"
| #define PACKAGE_BUGREPORT "Pierre.Weis@inria.fr"
| #define PACKAGE "camlimages"
| #define VERSION "3.2.0"
| /* end confdefs.h.  */
| #include <ac_nonexistent.h>
configure:4316: checking for grep that handles long lines and -e
configure:4390: result: /bin/grep
configure:4395: checking for egrep
configure:4473: result: /bin/grep -E
configure:4478: checking for ANSI C header files
configure:4508: gcc -c -g -O2  conftest.c >&5
configure:4514: $? = 0
configure:4613: gcc -o conftest -g -O2   conftest.c  >&5
configure:4616: $? = 0
configure:4622: ./conftest
configure:4625: $? = 0
configure:4642: result: yes
configure:4666: checking for sys/types.h
configure:4687: gcc -c -g -O2  conftest.c >&5
configure:4693: $? = 0
configure:4709: result: yes
configure:4666: checking for sys/stat.h
configure:4687: gcc -c -g -O2  conftest.c >&5
configure:4693: $? = 0
configure:4709: result: yes
configure:4666: checking for stdlib.h
configure:4687: gcc -c -g -O2  conftest.c >&5
configure:4693: $? = 0
configure:4709: result: yes
configure:4666: checking for string.h
configure:4687: gcc -c -g -O2  conftest.c >&5
configure:4693: $? = 0
configure:4709: result: yes
configure:4666: checking for memory.h
configure:4687: gcc -c -g -O2  conftest.c >&5
configure:4693: $? = 0
configure:4709: result: yes
configure:4666: checking for strings.h
configure:4687: gcc -c -g -O2  conftest.c >&5
configure:4693: $? = 0
configure:4709: result: yes
configure:4666: checking for inttypes.h
configure:4687: gcc -c -g -O2  conftest.c >&5
configure:4693: $? = 0
configure:4709: result: yes
configure:4666: checking for stdint.h
configure:4687: gcc -c -g -O2  conftest.c >&5
configure:4693: $? = 0
configure:4709: result: yes
configure:4666: checking for unistd.h
configure:4687: gcc -c -g -O2  conftest.c >&5
configure:4693: $? = 0
configure:4709: result: yes
configure:4721: checking for long
configure:4751: gcc -c -g -O2  conftest.c >&5
configure:4757: $? = 0
configure:4772: result: yes
configure:4779: checking size of long
configure:5081: gcc -o conftest -g -O2   conftest.c  >&5
configure:5084: $? = 0
configure:5090: ./conftest
configure:5093: $? = 0
configure:5116: result: 4
configure:5130: checking for X
configure:5245: gcc -E  conftest.c
configure:5251: $? = 0
configure:5300: gcc -o conftest -g -O2   conftest.c -lX11  >&5
configure:5306: $? = 0
configure:5365: result: libraries , headers 
configure:5526: gcc -o conftest -g -O2   conftest.c   -lX11 >&5
configure:5532: $? = 0
configure:5689: checking for gethostbyname
configure:5745: gcc -o conftest -g -O2   conftest.c  >&5
configure:5751: $? = 0
configure:5768: result: yes
configure:5913: checking for connect
configure:5969: gcc -o conftest -g -O2   conftest.c  >&5
configure:5975: $? = 0
configure:5992: result: yes
configure:6064: checking for remove
configure:6120: gcc -o conftest -g -O2   conftest.c  >&5
configure:6126: $? = 0
configure:6143: result: yes
configure:6215: checking for shmat
configure:6271: gcc -o conftest -g -O2   conftest.c  >&5
configure:6277: $? = 0
configure:6294: result: yes
configure:6375: checking for IceConnectionNumber in -lICE
configure:6410: gcc -o conftest -g -O2   conftest.c -lICE   >&5
configure:6416: $? = 0
configure:6434: result: yes
configure:6451: checking for ocamlfind
configure:6469: found /home/jun/.share/prefix/bin/ocamlfind
configure:6482: result: /home/jun/.share/prefix/bin/ocamlfind
configure:6536: checking lablgtk
configure:6578: result: not found
configure:6615: checking lablgtk2
configure:6643: result: found at /home/jun/.share/prefix/lib/ocaml/lablgtk2
configure:6699: checking gif_lib.h usability
configure:6716: gcc -c -g -O2  conftest.c >&5
configure:6722: $? = 0
configure:6736: result: yes
configure:6740: checking gif_lib.h presence
configure:6755: gcc -E  conftest.c
configure:6761: $? = 0
configure:6775: result: yes
configure:6808: checking for gif_lib.h
configure:6815: result: yes
configure:6820: checking for DGifOpenFileName in -lgif
configure:6855: gcc -o conftest -g -O2   conftest.c -lgif   >&5
configure:6861: $? = 0
configure:6879: result: yes
configure:6962: checking if gif bug is fixed
configure:6995: gcc -o conftest -g -O2   -lgif conftest.c  >&5
configure:6998: $? = 0
configure:7004: ./conftest
configure:7007: $? = 0
configure:7014: result: yes
configure:7082: checking png.h usability
configure:7099: gcc -c -g -O2  conftest.c >&5
configure:7105: $? = 0
configure:7119: result: yes
configure:7123: checking png.h presence
configure:7138: gcc -E  conftest.c
configure:7144: $? = 0
configure:7158: result: yes
configure:7191: checking for png.h
configure:7198: result: yes
configure:7203: checking for png_create_read_struct in -lpng
configure:7239: gcc -o conftest -g -O2   conftest.c -lpng -lz
	  >&5
configure:7245: $? = 0
configure:7263: result: yes
configure:7322: checking jpeglib.h usability
configure:7339: gcc -c -g -O2  conftest.c >&5
configure:7345: $? = 0
configure:7359: result: yes
configure:7363: checking jpeglib.h presence
configure:7378: gcc -E  conftest.c
configure:7384: $? = 0
configure:7398: result: yes
configure:7431: checking for jpeglib.h
configure:7438: result: yes
configure:7443: checking for jpeg_read_header in -ljpeg
configure:7478: gcc -o conftest -g -O2   conftest.c -ljpeg   >&5
configure:7484: $? = 0
configure:7502: result: yes
configure:7562: checking tiffio.h usability
configure:7579: gcc -c -g -O2  conftest.c >&5
configure:7585: $? = 0
configure:7599: result: yes
configure:7603: checking tiffio.h presence
configure:7618: gcc -E  conftest.c
configure:7624: $? = 0
configure:7638: result: yes
configure:7671: checking for tiffio.h
configure:7678: result: yes
configure:7683: checking for TIFFOpen in -ltiff
configure:7719: gcc -o conftest -g -O2   conftest.c -ltiff -lz -ljpeg
	  >&5
configure:7725: $? = 0
configure:7743: result: yes
configure:7806: checking X11/xpm.h usability
configure:7823: gcc -c -g -O2   conftest.c >&5
configure:7829: $? = 0
configure:7843: result: yes
configure:7847: checking X11/xpm.h presence
configure:7862: gcc -E  conftest.c
configure:7868: $? = 0
configure:7882: result: yes
configure:7915: checking for X11/xpm.h
configure:7922: result: yes
configure:7927: checking for XpmReadFileToXpmImage in -lXpm
configure:7963: gcc -o conftest -g -O2     conftest.c -lXpm  -lSM -lICE -lX11 
	  >&5
configure:7969: $? = 0
configure:7987: result: yes
configure:8043: checking for freetype-config
configure:8061: found /usr/bin/freetype-config
configure:8073: result: /usr/bin/freetype-config
configure:8126: checking for gs
configure:8144: found /usr/bin/gs
configure:8156: result: /usr/bin/gs
configure:8398: creating ./config.status

## ---------------------- ##
## Running config.status. ##
## ---------------------- ##

This file was extended by camlimages config.status 3.2.0, which was
generated by GNU Autoconf 2.61.  Invocation command line was

  CONFIG_FILES    = 
  CONFIG_HEADERS  = 
  CONFIG_LINKS    = 
  CONFIG_COMMANDS = 
  $ ./config.status 

on vmware

config.status:713: creating src/META
config.status:713: creating Makefile
config.status:713: creating src/Makefile
config.status:713: creating doc/Makefile
config.status:713: creating test/Makefile
config.status:713: creating examples/Makefile
config.status:713: creating examples/converter/Makefile
config.status:713: creating examples/crop/Makefile
config.status:713: creating examples/edgedetect/Makefile
config.status:713: creating examples/gifanim/Makefile
config.status:713: creating examples/imgstat/Makefile
config.status:713: creating examples/liv/Makefile
config.status:713: creating examples/monochrome/Makefile
config.status:713: creating examples/normalize/Makefile
config.status:713: creating examples/resize/Makefile
config.status:713: creating examples/tiffps/Makefile
config.status:713: creating examples/ttfimg/Makefile
config.status:713: creating config.h
config.status:935: config.h is unchanged
config.status:981: executing depfiles commands

## ---------------- ##
## Cache variables. ##
## ---------------- ##

ac_cv_c_compiler_gnu=yes
ac_cv_env_CC_set=
ac_cv_env_CC_value=
ac_cv_env_CFLAGS_set=
ac_cv_env_CFLAGS_value=
ac_cv_env_CPPFLAGS_set=
ac_cv_env_CPPFLAGS_value=
ac_cv_env_CPP_set=
ac_cv_env_CPP_value=
ac_cv_env_LDFLAGS_set=
ac_cv_env_LDFLAGS_value=
ac_cv_env_LIBS_set=
ac_cv_env_LIBS_value=
ac_cv_env_OCAMLCFLAGS_set=
ac_cv_env_OCAMLCFLAGS_value=
ac_cv_env_XMKMF_set=
ac_cv_env_XMKMF_value=
ac_cv_env_build_alias_set=
ac_cv_env_build_alias_value=
ac_cv_env_host_alias_set=
ac_cv_env_host_alias_value=
ac_cv_env_target_alias_set=
ac_cv_env_target_alias_value=
ac_cv_func_connect=yes
ac_cv_func_gethostbyname=yes
ac_cv_func_remove=yes
ac_cv_func_shmat=yes
ac_cv_have_x='have_x=yes	ac_x_includes='\'''\''	ac_x_libraries='\'''\'''
ac_cv_header_X11_xpm_h=yes
ac_cv_header_gif_lib_h=yes
ac_cv_header_inttypes_h=yes
ac_cv_header_jpeglib_h=yes
ac_cv_header_memory_h=yes
ac_cv_header_png_h=yes
ac_cv_header_stdc=yes
ac_cv_header_stdint_h=yes
ac_cv_header_stdlib_h=yes
ac_cv_header_string_h=yes
ac_cv_header_strings_h=yes
ac_cv_header_sys_stat_h=yes
ac_cv_header_sys_types_h=yes
ac_cv_header_tiffio_h=yes
ac_cv_header_unistd_h=yes
ac_cv_lib_ICE_IceConnectionNumber=yes
ac_cv_lib_Xpm_XpmReadFileToXpmImage=yes
ac_cv_lib_gif_DGifOpenFileName=yes
ac_cv_lib_jpeg_jpeg_read_header=yes
ac_cv_lib_png_png_create_read_struct=yes
ac_cv_lib_tiff_TIFFOpen=yes
ac_cv_objext=o
ac_cv_ocaml_OCAMLC_OPT_version_ok=yes
ac_cv_ocaml_OCAMLOPT_OPT_version_ok=yes
ac_cv_ocaml_OCAMLOPT_version_ok=yes
ac_cv_ocaml_c_compiler_works=yes
ac_cv_ocaml_library_path=/home/jun/.share/prefix/lib/ocaml
ac_cv_ocaml_version=3.11.2+ocamlspotter
ac_cv_ocaml_version_enough=yes
ac_cv_path_EGREP='/bin/grep -E'
ac_cv_path_FREETYPE_CONFIG=/usr/bin/freetype-config
ac_cv_path_GREP=/bin/grep
ac_cv_path_GS=/usr/bin/gs
ac_cv_path_OCAMLC=/home/jun/.share/prefix/bin/ocamlc
ac_cv_path_OCAMLC_OPT=/home/jun/.share/prefix/bin/ocamlc.opt
ac_cv_path_OCAMLDEP=/home/jun/.share/prefix/bin/ocamldep
ac_cv_path_OCAMLDEP_OPT=/home/jun/.share/prefix/bin/ocamldep.opt
ac_cv_path_OCAMLMKLIB=/home/jun/.share/prefix/bin/ocamlmklib
ac_cv_path_OCAMLOPT=/home/jun/.share/prefix/bin/ocamlopt
ac_cv_path_OCAMLOPT_OPT=/home/jun/.share/prefix/bin/ocamlopt.opt
ac_cv_path_PATH_OCAMLFIND=/home/jun/.share/prefix/bin/ocamlfind
ac_cv_path_install='/usr/bin/install -c'
ac_cv_prog_AWK=gawk
ac_cv_prog_CPP='gcc -E'
ac_cv_prog_ac_ct_CC=gcc
ac_cv_prog_cc_c89=
ac_cv_prog_cc_g=yes
ac_cv_prog_make_make_set=yes
ac_cv_sizeof_long=4
ac_cv_type_long=yes
am_cv_CC_dependencies_compiler_type=none

## ----------------- ##
## Output variables. ##
## ----------------- ##

ACLOCAL='aclocal -I ../autoconf'
AMDEPBACKSLASH='\'
AMDEP_FALSE='#'
AMDEP_TRUE=''
AMTAR='${SHELL} /home/jun/.share/projects/external/camlimages/missing --run tar'
AUTOCONF='${SHELL} /home/jun/.share/projects/external/camlimages/missing --run autoconf'
AUTOHEADER='${SHELL} /home/jun/.share/projects/external/camlimages/missing --run autoheader'
AUTOMAKE='${SHELL} /home/jun/.share/projects/external/camlimages/missing --run automake-1.9'
AWK='gawk'
BUILD_BYTECODE_FALSE='#'
BUILD_BYTECODE_TRUE=''
BUILD_NATIVE_FALSE='#'
BUILD_NATIVE_TRUE=''
CC='gcc'
CCDEPMODE='depmode=none'
CFLAGS='-g -O2'
CPP='gcc -E'
CPPFLAGS=''
CYGPATH_W='echo'
DEFS='-DHAVE_CONFIG_H'
DEPDIR='.deps'
ECHO_C=''
ECHO_N='-n'
ECHO_T=''
EGREP='/bin/grep -E'
EXEEXT=''
FREETYPE_CONFIG='/usr/bin/freetype-config'
GREP='/bin/grep'
GS='/usr/bin/gs'
HAVE_FREETYPE_FALSE='#'
HAVE_FREETYPE_TRUE=''
HAVE_GIF_FALSE='#'
HAVE_GIF_TRUE=''
HAVE_JPEG_FALSE='#'
HAVE_JPEG_TRUE=''
HAVE_LABLGTK2_FALSE='#'
HAVE_LABLGTK2_TRUE=''
HAVE_LABLGTK_FALSE=''
HAVE_LABLGTK_TRUE='#'
HAVE_PNG_FALSE='#'
HAVE_PNG_TRUE=''
HAVE_PS_FALSE='#'
HAVE_PS_TRUE=''
HAVE_TIFF_FALSE='#'
HAVE_TIFF_TRUE=''
HAVE_XPM_FALSE='#'
HAVE_XPM_TRUE=''
INCFREETYPE='-I/usr/include/freetype2'
INCXPM=''
INSTALL_DATA='${INSTALL} -m 644'
INSTALL_PROGRAM='${INSTALL}'
INSTALL_SCRIPT='${INSTALL}'
INSTALL_STRIP_PROGRAM='${SHELL} $(install_sh) -c -s'
LABLGTK2DIR='/home/jun/.share/prefix/lib/ocaml/lablgtk2'
LABLGTKDIR=''
LDFLAGS=''
LIBFREETYPE='-lfreetype -lz'
LIBGIF='-lgif'
LIBJPEG='-ljpeg'
LIBOBJS=''
LIBPNG='-lpng -lz'
LIBS=''
LIBTIFF='-ltiff -lz -ljpeg'
LIBXPM=' -lXpm  -lSM -lICE -lX11 '
LTLIBOBJS=''
MAKEINFO='${SHELL} /home/jun/.share/projects/external/camlimages/missing --run makeinfo'
OBJEXT='o'
OCAMLC='/home/jun/.share/prefix/bin/ocamlc.opt'
OCAMLCFLAGS=''
OCAMLC_OPT='/home/jun/.share/prefix/bin/ocamlc.opt'
OCAMLDEP='/home/jun/.share/prefix/bin/ocamldep.opt'
OCAMLDEP_OPT='/home/jun/.share/prefix/bin/ocamldep.opt'
OCAMLLIB='/home/jun/.share/prefix/lib/ocaml'
OCAMLMKLIB='/home/jun/.share/prefix/bin/ocamlmklib'
OCAMLMKLIB_OPT=''
OCAMLOPT='/home/jun/.share/prefix/bin/ocamlopt.opt'
OCAMLOPT_OPT='/home/jun/.share/prefix/bin/ocamlopt.opt'
OCAMLSITELIBDIR='/home/jun/.share/prefix/lib/ocaml/site-lib/camlimages'
PACKAGE='camlimages'
PACKAGE_BUGREPORT='Pierre.Weis@inria.fr'
PACKAGE_NAME='camlimages'
PACKAGE_STRING='camlimages 3.2.0'
PACKAGE_TARNAME='camlimages'
PACKAGE_VERSION='3.2.0'
PATH_OCAMLFIND='/home/jun/.share/prefix/bin/ocamlfind'
PATH_RGB_TXT='none'
PATH_SEPARATOR=':'
REQUIRES='camlimages.lablgtk2 graphics'
SET_MAKE=''
SHELL='/bin/sh'
STRIP=''
SUPPORT_FREETYPE='true'
SUPPORT_GIF='true'
SUPPORT_JPEG='true'
SUPPORT_PNG='true'
SUPPORT_PS='true'
SUPPORT_TIFF='true'
SUPPORT_XPM='true'
VERSION='3.2.0'
WORD_SIZE='4'
XMKMF=''
X_CFLAGS=''
X_EXTRA_LIBS=''
X_LIBS=''
X_PRE_LIBS=' -lSM -lICE'
ac_ct_CC='gcc'
am__fastdepCC_FALSE=''
am__fastdepCC_TRUE='#'
am__include='include'
am__leading_dot='.'
am__quote=''
am__tar='${AMTAR} chof - "$$tardir"'
am__untar='${AMTAR} xf -'
bindir='${exec_prefix}/bin'
build_alias=''
datadir='${datarootdir}'
datarootdir='${prefix}/share'
docdir='${datarootdir}/doc/${PACKAGE_TARNAME}'
dvidir='${docdir}'
exec_prefix='${prefix}'
host_alias=''
htmldir='${docdir}'
includedir='${prefix}/include'
infodir='${datarootdir}/info'
install_sh='/home/jun/.share/projects/external/camlimages/install-sh'
libdir='${exec_prefix}/lib'
libexecdir='${exec_prefix}/libexec'
localedir='${datarootdir}/locale'
localstatedir='${prefix}/var'
mandir='${datarootdir}/man'
mkdir_p='mkdir -p --'
oldincludedir='/usr/include'
pdfdir='${docdir}'
prefix='/home/jun/.share/prefix'
program_transform_name='s,x,x,'
psdir='${docdir}'
sbindir='${exec_prefix}/sbin'
sharedstatedir='${prefix}/com'
sysconfdir='${prefix}/etc'
target_alias=''

## ----------- ##
## confdefs.h. ##
## ----------- ##

#define PACKAGE_NAME "camlimages"
#define PACKAGE_TARNAME "camlimages"
#define PACKAGE_VERSION "3.2.0"
#define PACKAGE_STRING "camlimages 3.2.0"
#define PACKAGE_BUGREPORT "Pierre.Weis@inria.fr"
#define PACKAGE "camlimages"
#define VERSION "3.2.0"
#define STDC_HEADERS 1
#define HAVE_SYS_TYPES_H 1
#define HAVE_SYS_STAT_H 1
#define HAVE_STDLIB_H 1
#define HAVE_STRING_H 1
#define HAVE_MEMORY_H 1
#define HAVE_STRINGS_H 1
#define HAVE_INTTYPES_H 1
#define HAVE_STDINT_H 1
#define HAVE_UNISTD_H 1
#define SIZEOF_LONG 4
#define GIFLIB_BUG_FIXED 1

configure: exit 0

## ---------------------- ##
## Running config.status. ##
## ---------------------- ##

This file was extended by camlimages config.status 3.2.0, which was
generated by GNU Autoconf 2.61.  Invocation command line was

  CONFIG_FILES    = 
  CONFIG_HEADERS  = 
  CONFIG_LINKS    = 
  CONFIG_COMMANDS = 
  $ ./config.status src/META

on vmware

config.status:713: creating src/META
